[+] Containers:
 |- [+] Container: /Game/FirstPerson/Maps/FirstPersonMap
 |   |- [+] ActorDescs:
 |   |   |- Guid:014139064B272AE31FF877B819CB5734 BaseClass: NativeClass:/Script/Engine.StaticMeshActor Name:StaticMeshActor_8 Label:SM_ChamferCube3 SpatiallyLoaded:1 Bounds:IsValid=true, Min=(X=257.548 Y=2127.548 Z=0.063), Max=(X=462.452 Y=2332.452 Z=150.063) RuntimeGrid:None EditorOnly:0 RuntimeOnly:0 HLODRelevant:0 FolderPath:SimulatedCubes FolderGuid:9AEEADCB4DC6C647D6E7C0B4EDA1744F
 |   |   |- Guid:0187DB584DE2DC9AE3EBD1B4EDA82397 BaseClass: NativeClass:/Script/Engine.StaticMeshActor Name:StaticMeshActor_UAID_6C24085E88DBB78501_1938868820 Label:SM_Cube12 SpatiallyLoaded:1 Bounds:IsValid=true, Min=(X=2000.000 Y=100.000 Z=0.000), Max=(X=2300.000 Y=1600.000 Z=400.000) RuntimeGrid:None EditorOnly:0 RuntimeOnly:0 HLODRelevant:1 FolderPath:Block03 FolderGuid:0C5AB36945998C19C9EA9283402A8E02
 |   |   |- Guid:09904E324AD4977CC29D88977B3AE667 BaseClass:/Game/Spikes/Spikes.Spikes_C NativeClass:/Script/Engine.Actor Name:Spikes_C_UAID_6C24085E88DB048601_1230151369 Label:Spikes6 SpatiallyLoaded:1 Bounds:IsValid=true, Min=(X=1482.000 Y=1002.000 Z=-180.000), Max=(X=1738.000 Y=1258.000 Z=-80.000) RuntimeGrid:None EditorOnly:0 RuntimeOnly:0 HLODRelevant:0
 |   |   |- Guid:09D243D64B8F0CDABF65D49CF614727C BaseClass:/Game/Spikes/Spikes.Spikes_C NativeClass:/Script/Engine.Actor Name:Spikes_C_UAID_6C24085E88DB048601_1302484383 Label:Spikes18 SpatiallyLoaded:1 Bounds:IsValid=true, Min=(X=1482.000 Y=2172.000 Z=-180.000), Max=(X=1738.000 Y=2428.000 Z=-80.000) RuntimeGrid:None EditorOnly:0 RuntimeOnly:0 HLODRelevant:0
 |   |   |- Guid:0D9A119844DAD3A090528D94BCAAA78B BaseClass:/Game/Collectables/Gem.Gem_C NativeClass:/Script/Engine.Actor Name:Gem_C_UAID_6C24085E88DB048601_1439539389 Label:Gem8 SpatiallyLoaded:1 Bounds:IsValid=true, Min=(X=2552.500 Y=442.500 Z=-2.000), Max=(X=2627.500 Y=517.500 Z=142.678) RuntimeGrid:None EditorOnly:0 RuntimeOnly:0 HLODRelevant:0
 |   |   |- Guid:0EDB289B45CB7E0977A6DBA74201EE76 BaseClass: NativeClass:/Script/Engine.StaticMeshActor Name:StaticMeshActor_10 Label:SM_Cube6 SpatiallyLoaded:1 Bounds:IsValid=true, Min=(X=2900.000 Y=100.000 Z=0.000), Max=(X=3000.000 Y=3400.000 Z=400.000) RuntimeGrid:None EditorOnly:0 RuntimeOnly:0 HLODRelevant:1 FolderPath:Playground FolderGuid:6C02BB504B69D1F3D7A624B130C18E5B
 |   |   |- Guid:19DA2D1A42AC09E188B598BC75C397A2 BaseClass:/Game/Spikes/Spikes.Spikes_C NativeClass:/Script/Engine.Actor Name:Spikes_C_UAID_6C24085E88DBBA8501_1769200349 Label:Spikes SpatiallyLoaded:1 Bounds:IsValid=true, Min=(X=912.000 Y=1612.000 Z=0.000), Max=(X=1168.000 Y=1868.000 Z=100.000) RuntimeGrid:None EditorOnly:0 RuntimeOnly:0 HLODRelevant:0
 |   |   |- Guid:1A509AC2431CA706F4F4179FB5AEE753 BaseClass:/Game/Collectables/Gem.Gem_C NativeClass:/Script/Engine.Actor Name:Gem_C_UAID_6C24085E88DB048601_1446814392 Label:Gem11 SpatiallyLoaded:1 Bounds:IsValid=true, Min=(X=622.500 Y=1022.500 Z=-2.000), Max=(X=697.500 Y=1097.500 Z=142.678) RuntimeGrid:None EditorOnly:0 RuntimeOnly:0 HLODRelevant:0
 |   |   |- Guid:1A5C646D451255DFA5F8429DF6428BD4 BaseClass:/Game/Spikes/Spikes.Spikes_C NativeClass:/Script/Engine.Actor Name:Spikes_C_UAID_6C24085E88DB048601_1269150373 Label:Spikes9 SpatiallyLoaded:1 Bounds:IsValid=true, Min=(X=1482.000 Y=1292.000 Z=-180.000), Max=(X=1738.000 Y=1548.000 Z=-80.000) RuntimeGrid:None EditorOnly:0 RuntimeOnly:0 HLODRelevant:0
 |   |   |- Guid:1D1466D2436177F22CFCA4A4163E764F BaseClass:/Game/Spikes/Spikes.Spikes_C NativeClass:/Script/Engine.Actor Name:Spikes_C_UAID_6C24085E88DB048601_1269152374 Label:Spikes10 SpatiallyLoaded:1 Bounds:IsValid=true, Min=(X=1772.000 Y=1292.000 Z=-180.000), Max=(X=2028.000 Y=1548.000 Z=-80.000) RuntimeGrid:None EditorOnly:0 RuntimeOnly:0 HLODRelevant:0
 |   |   |- Guid:1E62BB104B9A134934C593A52864CAE0 BaseClass: NativeClass:/Script/Engine.StaticMeshActor Name:StaticMeshActor_UAID_6C24085E88DB048601_1199861367 Label:SM_Cube9 SpatiallyLoaded:1 Bounds:IsValid=true, Min=(X=320.000 Y=-80.000 Z=-230.000), Max=(X=3320.000 Y=3420.000 Z=-180.000) RuntimeGrid:None EditorOnly:0 RuntimeOnly:0 HLODRelevant:1 FolderPath:Playground FolderGuid:6C02BB504B69D1F3D7A624B130C18E5B
 |   |   |- Guid:21262252453B37957EF29F82ABA2413B BaseClass: NativeClass:/Script/Engine.TextRenderActor Name:TextRenderActor_1 Label:TextRenderActor SpatiallyLoaded:1 Bounds:IsValid=true, Min=(X=-0.100 Y=1100.000 Z=65.013), Max=(X=-0.100 Y=2363.461 Z=215.013) RuntimeGrid:None EditorOnly:0 RuntimeOnly:0 HLODRelevant:0
 |   |   |- Guid:28349F2A442C3B7D9405FFB53026519D BaseClass:/Game/Spikes/Spikes.Spikes_C NativeClass:/Script/Engine.Actor Name:Spikes_C_UAID_6C24085E88DB048601_1302479380 Label:Spikes15 SpatiallyLoaded:1 Bounds:IsValid=true, Min=(X=1482.000 Y=1882.000 Z=-180.000), Max=(X=1738.000 Y=2138.000 Z=-80.000) RuntimeGrid:None EditorOnly:0 RuntimeOnly:0 HLODRelevant:0
 |   |   |- Guid:2A78EF094E089635A07B30AB9A046A81 BaseClass: NativeClass:/Script/Engine.StaticMeshActor Name:StaticMeshActor_47 Label:SM_ChamferCube13 SpatiallyLoaded:1 Bounds:IsValid=true, Min=(X=250.297 Y=3094.568 Z=100.013), Max=(X=391.180 Y=3235.451 Z=200.013) RuntimeGrid:None EditorOnly:0 RuntimeOnly:0 HLODRelevant:0 FolderPath:SimulatedCubes FolderGuid:9AEEADCB4DC6C647D6E7C0B4EDA1744F
 |   |   |- Guid:2C91933B4D94C62FFEE47CBF25FDEEEB BaseClass:/Game/Spikes/Spikes.Spikes_C NativeClass:/Script/Engine.Actor Name:Spikes_C_UAID_6C24085E88DBE48501_1988785737 Label:Spikes4 SpatiallyLoaded:1 Bounds:IsValid=true, Min=(X=2012.000 Y=2192.000 Z=0.000), Max=(X=2268.000 Y=2448.000 Z=100.000) RuntimeGrid:None EditorOnly:0 RuntimeOnly:0 HLODRelevant:0
 |   |   |- Guid:2F763CDE43EE605402360C9E2E4565C9 BaseClass: NativeClass:/Script/Engine.StaticMeshActor Name:StaticMeshActor_UAID_6C24085E88DB048601_1302488385 Label:SM_Cube14 SpatiallyLoaded:1 Bounds:IsValid=true, Min=(X=320.000 Y=1380.000 Z=-230.000), Max=(X=3320.000 Y=4880.000 Z=-180.000) RuntimeGrid:None EditorOnly:0 RuntimeOnly:0 HLODRelevant:1 FolderPath:Playground FolderGuid:6C02BB504B69D1F3D7A624B130C18E5B
 |   |   |- Guid:30D62DCB4A052D132F57EFA83A8FF8E8 BaseClass:/Game/Spikes/Spikes.Spikes_C NativeClass:/Script/Engine.Actor Name:Spikes_C_UAID_6C24085E88DBE48501_1977142735 Label:Spikes2 SpatiallyLoaded:1 Bounds:IsValid=true, Min=(X=2012.000 Y=1622.000 Z=0.000), Max=(X=2268.000 Y=1878.000 Z=100.000) RuntimeGrid:None EditorOnly:0 RuntimeOnly:0 HLODRelevant:0
 |   |   |- Guid:33426EDD4B48C8C6B43855A3DC48908B BaseClass:/Game/Spikes/Spikes.Spikes_C NativeClass:/Script/Engine.Actor Name:Spikes_C_UAID_6C24085E88DB048601_1302492388 Label:Spikes22 SpatiallyLoaded:1 Bounds:IsValid=true, Min=(X=1772.000 Y=2462.000 Z=-180.000), Max=(X=2028.000 Y=2718.000 Z=-80.000) RuntimeGrid:None EditorOnly:0 RuntimeOnly:0 HLODRelevant:0
 |   |   |- Guid:373BCADC4E0B3E726ED494AC5627B351 BaseClass: NativeClass:/Script/Engine.StaticMeshActor Name:StaticMeshActor_40 Label:SM_ChamferCube8 SpatiallyLoaded:1 Bounds:IsValid=true, Min=(X=2313.116 Y=1273.116 Z=0.063), Max=(X=2486.884 Y=1446.884 Z=150.063) RuntimeGrid:None EditorOnly:0 RuntimeOnly:0 HLODRelevant:0 FolderPath:SimulatedCubes FolderGuid:9AEEADCB4DC6C647D6E7C0B4EDA1744F
 |   |   |- Guid:37B6C0724BF11F67F84996AA9A2A085E BaseClass:/Game/Collectables/Gem.Gem_C NativeClass:/Script/Engine.Actor Name:Gem_C_UAID_6C24085E88DBE78501_1963081267 Label:Gem SpatiallyLoaded:1 Bounds:IsValid=true, Min=(X=1332.500 Y=632.500 Z=-2.000), Max=(X=1407.500 Y=707.500 Z=142.678) RuntimeGrid:None EditorOnly:0 RuntimeOnly:0 HLODRelevant:0
 |   |   |- Guid:3C8661C146109A1E1E2FB5B930A8C5B8 BaseClass:/Game/Spikes/Spikes.Spikes_C NativeClass:/Script/Engine.Actor Name:Spikes_C_UAID_6C24085E88DB048601_1286331376 Label:Spikes11 SpatiallyLoaded:1 Bounds:IsValid=true, Min=(X=1192.000 Y=1582.000 Z=-180.000), Max=(X=1448.000 Y=1838.000 Z=-80.000) RuntimeGrid:None EditorOnly:0 RuntimeOnly:0 HLODRelevant:0
 |   |   |- Guid:42318D734050F2C3090EB1903BD1D89A BaseClass:/Game/Collectables/Gem.Gem_C NativeClass:/Script/Engine.Actor Name:Gem_C_UAID_6C24085E88DB048601_1444705391 Label:Gem10 SpatiallyLoaded:1 Bounds:IsValid=true, Min=(X=402.500 Y=2572.500 Z=-2.000), Max=(X=477.500 Y=2647.500 Z=142.678) RuntimeGrid:None EditorOnly:0 RuntimeOnly:0 HLODRelevant:0
 |   |   |- Guid:48885BF04EA682A0FB629EA5B0B94EB1 BaseClass: NativeClass:/Script/Engine.StaticMeshActor Name:StaticMeshActor_UAID_6C24085E88DB048601_1269146371 Label:SM_Cube10 SpatiallyLoaded:1 Bounds:IsValid=true, Min=(X=320.000 Y=210.000 Z=-230.000), Max=(X=3320.000 Y=3710.000 Z=-180.000) RuntimeGrid:None EditorOnly:0 RuntimeOnly:0 HLODRelevant:1 FolderPath:Playground FolderGuid:6C02BB504B69D1F3D7A624B130C18E5B
 |   |   |- Guid:4CF077EB4950DEA268B8B58A0A52CB41 BaseClass:/Game/Collectables/Gem.Gem_C NativeClass:/Script/Engine.Actor Name:Gem_C_UAID_6C24085E88DBE88501_1704842445 Label:Gem3 SpatiallyLoaded:1 Bounds:IsValid=true, Min=(X=1122.500 Y=332.500 Z=-2.000), Max=(X=1197.500 Y=407.500 Z=142.678) RuntimeGrid:None EditorOnly:0 RuntimeOnly:0 HLODRelevant:0
 |   |   |- Guid:4DF235384BCC9DF986445988BEFC33E9 BaseClass:/Game/Platform/PressurePlate.PressurePlate_C NativeClass:/Script/Engine.Actor Name:PressurePlate_C_UAID_6C24085E88DBB68501_1308305643 Label:PressurePlate SpatiallyLoaded:1 Bounds:IsValid=true, Min=(X=1750.000 Y=740.000 Z=-2.500), Max=(X=1950.000 Y=940.000 Z=62.000) RuntimeGrid:None EditorOnly:0 RuntimeOnly:0 HLODRelevant:0
 |   |   |- Guid:503301344EDD2580C9B8269BA1FF0C83 BaseClass: NativeClass:/Script/Engine.StaticMeshActor Name:StaticMeshActor_29 Label:SM_ChamferCube4 SpatiallyLoaded:1 Bounds:IsValid=true, Min=(X=334.338 Y=334.338 Z=0.063), Max=(X=545.662 Y=545.662 Z=150.063) RuntimeGrid:None EditorOnly:0 RuntimeOnly:0 HLODRelevant:0 FolderPath:SimulatedCubes FolderGuid:9AEEADCB4DC6C647D6E7C0B4EDA1744F
 |   |   |- Guid:514B0CF94B3770CDAD54F4BE0C31F091 BaseClass:/Game/Spikes/Spikes.Spikes_C NativeClass:/Script/Engine.Actor Name:Spikes_C_UAID_6C24085E88DB048601_1269147372 Label:Spikes8 SpatiallyLoaded:1 Bounds:IsValid=true, Min=(X=1192.000 Y=1292.000 Z=-180.000), Max=(X=1448.000 Y=1548.000 Z=-80.000) RuntimeGrid:None EditorOnly:0 RuntimeOnly:0 HLODRelevant:0
 |   |   |- Guid:518FBE6D4CB50A6BAAD48D98AFF6A229 BaseClass:/Game/Collectables/Gem.Gem_C NativeClass:/Script/Engine.Actor Name:Gem_C_UAID_6C24085E88DB008601_1709432663 Label:Gem4 SpatiallyLoaded:1 Bounds:IsValid=true, Min=(X=1602.500 Y=2842.500 Z=-2.000), Max=(X=1677.500 Y=2917.500 Z=142.678) RuntimeGrid:None EditorOnly:0 RuntimeOnly:0 HLODRelevant:0
 |   |   |- Guid:573177074D0ADB4DA9A357AE2A5CADA8 BaseClass: NativeClass:/Script/Engine.StaticMeshActor Name:StaticMeshActor_49 Label:SM_ChamferCube14 SpatiallyLoaded:1 Bounds:IsValid=true, Min=(X=2480.411 Y=2302.371 Z=0.013), Max=(X=2580.411 Y=2402.371 Z=100.013) RuntimeGrid:None EditorOnly:0 RuntimeOnly:0 HLODRelevant:0 FolderPath:SimulatedCubes FolderGuid:9AEEADCB4DC6C647D6E7C0B4EDA1744F
 |   |   |- Guid:59402B9F402AAA5402C3AA9874A70208 BaseClass:/Game/Collectables/Gem.Gem_C NativeClass:/Script/Engine.Actor Name:Gem_C_UAID_6C24085E88DB048601_1441050390 Label:Gem9 SpatiallyLoaded:1 Bounds:IsValid=true, Min=(X=2622.500 Y=1152.500 Z=-2.000), Max=(X=2697.500 Y=1227.500 Z=142.678) RuntimeGrid:None EditorOnly:0 RuntimeOnly:0 HLODRelevant:0
 |   |   |- Guid:5FE7584649BB6F09265329A6C57CFD0D BaseClass: NativeClass:/Script/Engine.VolumetricCloud Name:VolumetricCloud_0 Label:VolumetricCloud SpatiallyLoaded:0 Bounds:IsValid=true, Min=(X=0.000 Y=0.000 Z=820.000), Max=(X=0.000 Y=0.000 Z=820.000) RuntimeGrid:None EditorOnly:0 RuntimeOnly:0 HLODRelevant:0 FolderPath:Lighting FolderGuid:0BA5F0A04EADB18E70D5B180D08FA34B
 |   |   |- Guid:60289316474D436181DBA9857FB35EDF BaseClass:/Game/Platform/MovingPlatform.MovingPlatform_C NativeClass:/Script/Engine.Actor Name:MovingPlatform_C_UAID_6C24085E88DBB58501_1392643466 Label:MovingPlatform SpatiallyLoaded:1 Bounds:IsValid=true, Min=(X=1530.000 Y=1140.000 Z=-10.000), Max=(X=1750.000 Y=2430.000 Z=240.000) RuntimeGrid:None EditorOnly:0 RuntimeOnly:0 HLODRelevant:0
 |   |   |- Guid:61391D344900612A77DFC3BA3E354907 BaseClass: NativeClass:/Script/Engine.ExponentialHeightFog Name:ExponentialHeightFog_0 Label:ExponentialHeightFog SpatiallyLoaded:0 Bounds:IsValid=true, Min=(X=-5600.000 Y=-50.000 Z=-6850.000), Max=(X=-5600.000 Y=-50.000 Z=-6850.000) RuntimeGrid:None EditorOnly:0 RuntimeOnly:0 HLODRelevant:0 FolderPath:Lighting FolderGuid:0BA5F0A04EADB18E70D5B180D08FA34B
 |   |   |- Guid:6B9F7C52434CCF99C7551893412C2C21 BaseClass: NativeClass:/Script/Engine.StaticMeshActor Name:StaticMeshActor_51 Label:SM_ChamferCube16 SpatiallyLoaded:1 Bounds:IsValid=true, Min=(X=2480.411 Y=2247.371 Z=100.013), Max=(X=2580.411 Y=2347.371 Z=200.013) RuntimeGrid:None EditorOnly:0 RuntimeOnly:0 HLODRelevant:0 FolderPath:SimulatedCubes FolderGuid:9AEEADCB4DC6C647D6E7C0B4EDA1744F
 |   |   |- Guid:6C3ED65C4DC5A291EF3A918742127363 BaseClass: NativeClass:/Script/Engine.StaticMeshActor Name:StaticMeshActor_UAID_6C24085E88DB048601_1286329375 Label:SM_Cube13 SpatiallyLoaded:1 Bounds:IsValid=true, Min=(X=320.000 Y=500.000 Z=-230.000), Max=(X=3320.000 Y=4000.000 Z=-180.000) RuntimeGrid:None EditorOnly:0 RuntimeOnly:0 HLODRelevant:1 FolderPath:Playground FolderGuid:6C02BB504B69D1F3D7A624B130C18E5B
 |   |   |- Guid:6C6665E44E497939F397359A28FB9F5A BaseClass:/Game/Spikes/Spikes.Spikes_C NativeClass:/Script/Engine.Actor Name:Spikes_C_UAID_6C24085E88DBE48501_1981506736 Label:Spikes3 SpatiallyLoaded:1 Bounds:IsValid=true, Min=(X=2012.000 Y=1912.000 Z=0.000), Max=(X=2268.000 Y=2168.000 Z=100.000) RuntimeGrid:None EditorOnly:0 RuntimeOnly:0 HLODRelevant:0
 |   |   |- Guid:6FEFB3BD4EB37B849EF0D4AC80F83855 BaseClass: NativeClass:/Script/Engine.WorldDataLayers Name:WorldDataLayers Label:WorldDataLayers SpatiallyLoaded:0 Bounds:IsValid=true, Min=(X=0.000 Y=0.000 Z=0.000), Max=(X=0.000 Y=0.000 Z=0.000) RuntimeGrid:None EditorOnly:0 RuntimeOnly:0 HLODRelevant:0
 |   |   |- Guid:764666EF4316C7851F06859A678454F2 BaseClass: NativeClass:/Script/Engine.StaticMeshActor Name:StaticMeshActor_46 Label:SM_ChamferCube12 SpatiallyLoaded:1 Bounds:IsValid=true, Min=(X=204.335 Y=3056.000 Z=0.013), Max=(X=345.218 Y=3196.884 Z=100.013) RuntimeGrid:None EditorOnly:0 RuntimeOnly:0 HLODRelevant:0 FolderPath:SimulatedCubes FolderGuid:9AEEADCB4DC6C647D6E7C0B4EDA1744F
 |   |   |- Guid:77306A3640045D9D548B51904D794A56 BaseClass:/Game/Spikes/Spikes.Spikes_C NativeClass:/Script/Engine.Actor Name:Spikes_C_UAID_6C24085E88DB048601_1302483382 Label:Spikes17 SpatiallyLoaded:1 Bounds:IsValid=true, Min=(X=1192.000 Y=2172.000 Z=-180.000), Max=(X=1448.000 Y=2428.000 Z=-80.000) RuntimeGrid:None EditorOnly:0 RuntimeOnly:0 HLODRelevant:0
 |   |   |- Guid:78907B824E304E162A9A02B9095F1FA1 BaseClass: NativeClass:/Script/Engine.StaticMeshActor Name:StaticMeshActor_43 Label:SM_ChamferCube9 SpatiallyLoaded:1 Bounds:IsValid=true, Min=(X=861.292 Y=329.199 Z=0.013), Max=(X=997.894 Y=465.801 Z=100.013) RuntimeGrid:None EditorOnly:0 RuntimeOnly:0 HLODRelevant:0 FolderPath:SimulatedCubes FolderGuid:9AEEADCB4DC6C647D6E7C0B4EDA1744F
 |   |   |- Guid:78CAF7514C7533F30BD2F19A017AAB65 BaseClass: NativeClass:/Script/Engine.StaticMeshActor Name:StaticMeshActor_0 Label:SM_Cube SpatiallyLoaded:1 Bounds:IsValid=true, Min=(X=-1800.000 Y=0.000 Z=-50.000), Max=(X=1200.000 Y=3500.000 Z=0.000) RuntimeGrid:None EditorOnly:0 RuntimeOnly:0 HLODRelevant:1 FolderPath:Playground FolderGuid:6C02BB504B69D1F3D7A624B130C18E5B
 |   |   |- Guid:7DCFF2144714F0843D87428AC48CE4F4 BaseClass: NativeClass:/Script/Engine.StaticMeshActor Name:StaticMeshActor_24 Label:SM_ChamferCube17 SpatiallyLoaded:1 Bounds:IsValid=true, Min=(X=364.319 Y=1244.901 Z=0.013), Max=(X=492.491 Y=1373.073 Z=100.013) RuntimeGrid:None EditorOnly:0 RuntimeOnly:0 HLODRelevant:0 FolderPath:SimulatedCubes FolderGuid:9AEEADCB4DC6C647D6E7C0B4EDA1744F
 |   |   |- Guid:805D152D4A1B17F7BF31FE97EEE787D5 BaseClass:/Game/Spikes/Spikes.Spikes_C NativeClass:/Script/Engine.Actor Name:Spikes_C_UAID_6C24085E88DB048601_1286335378 Label:Spikes13 SpatiallyLoaded:1 Bounds:IsValid=true, Min=(X=1772.000 Y=1582.000 Z=-180.000), Max=(X=2028.000 Y=1838.000 Z=-80.000) RuntimeGrid:None EditorOnly:0 RuntimeOnly:0 HLODRelevant:0
 |   |   |- Guid:8559D1384B14F466E8927697A36C1D78 BaseClass: NativeClass:/Script/Engine.StaticMeshActor Name:StaticMeshActor_9 Label:SM_Cube5 SpatiallyLoaded:1 Bounds:IsValid=true, Min=(X=-0.000 Y=100.000 Z=0.000), Max=(X=100.000 Y=3400.000 Z=400.000) RuntimeGrid:None EditorOnly:0 RuntimeOnly:0 HLODRelevant:1 FolderPath:Playground FolderGuid:6C02BB504B69D1F3D7A624B130C18E5B
 |   |   |- Guid:8E9EA0F84D0FC901D6ABCF911C08AEE3 BaseClass: NativeClass:/Script/Engine.StaticMeshActor Name:StaticMeshActor_50 Label:SM_ChamferCube15 SpatiallyLoaded:1 Bounds:IsValid=true, Min=(X=2480.411 Y=2187.371 Z=0.013), Max=(X=2580.411 Y=2287.371 Z=100.013) RuntimeGrid:None EditorOnly:0 RuntimeOnly:0 HLODRelevant:0 FolderPath:SimulatedCubes FolderGuid:9AEEADCB4DC6C647D6E7C0B4EDA1744F
 |   |   |- Guid:90B7B8D3420C2EABA931D3A6A69DF696 BaseClass: NativeClass:/Script/Engine.StaticMeshActor Name:StaticMeshActor_3 Label:SM_Cube2 SpatiallyLoaded:1 Bounds:IsValid=true, Min=(X=0.000 Y=0.000 Z=0.000), Max=(X=3000.000 Y=100.000 Z=400.000) RuntimeGrid:None EditorOnly:0 RuntimeOnly:0 HLODRelevant:1 FolderPath:Playground FolderGuid:6C02BB504B69D1F3D7A624B130C18E5B
 |   |   |- Guid:916E6EAE483B0F91488E4E97C3441CF6 BaseClass:/Game/Spikes/Spikes.Spikes_C NativeClass:/Script/Engine.Actor Name:Spikes_C_UAID_6C24085E88DB048601_1302489386 Label:Spikes20 SpatiallyLoaded:1 Bounds:IsValid=true, Min=(X=1192.000 Y=2462.000 Z=-180.000), Max=(X=1448.000 Y=2718.000 Z=-80.000) RuntimeGrid:None EditorOnly:0 RuntimeOnly:0 HLODRelevant:0
 |   |   |- Guid:96AEEA734FE9E5D2FD79ABBD89D2E56D BaseClass: NativeClass:/Script/Engine.StaticMeshActor Name:StaticMeshActor_UAID_6C24085E88DBB48501_1537567289 Label:SM_Cube8 SpatiallyLoaded:1 Bounds:IsValid=true, Min=(X=0.000 Y=2500.000 Z=-50.000), Max=(X=3000.000 Y=6000.000 Z=0.000) RuntimeGrid:None EditorOnly:0 RuntimeOnly:0 HLODRelevant:1 FolderPath:Playground FolderGuid:6C02BB504B69D1F3D7A624B130C18E5B
 |   |   |- Guid:97893D2B4E0674F9E6F9BDB9352C299F BaseClass:/Game/Collectables/Gem.Gem_C NativeClass:/Script/Engine.Actor Name:Gem_C_UAID_6C24085E88DB008601_1711626664 Label:Gem5 SpatiallyLoaded:1 Bounds:IsValid=true, Min=(X=2132.500 Y=2692.500 Z=-2.000), Max=(X=2207.500 Y=2767.500 Z=142.678) RuntimeGrid:None EditorOnly:0 RuntimeOnly:0 HLODRelevant:0
 |   |   |- Guid:A354B1B24E617A525DC6B48CCDE2417E BaseClass: NativeClass:/Script/Engine.PlayerStart Name:PlayerStart_0 Label:PlayerStart SpatiallyLoaded:0 Bounds:IsValid=true, Min=(X=860.000 Y=810.000 Z=0.013), Max=(X=940.000 Y=890.000 Z=184.013) RuntimeGrid:None EditorOnly:0 RuntimeOnly:0 HLODRelevant:0
 |   |   |- Guid:A35940CC424BC90314CAD0BE2BCAC2E0 BaseClass:/Game/Collectables/Gem.Gem_C NativeClass:/Script/Engine.Actor Name:Gem_C_UAID_6C24085E88DB008601_1713848665 Label:Gem6 SpatiallyLoaded:1 Bounds:IsValid=true, Min=(X=2502.500 Y=2922.500 Z=-2.000), Max=(X=2577.500 Y=2997.500 Z=142.678) RuntimeGrid:None EditorOnly:0 RuntimeOnly:0 HLODRelevant:0
 |   |   |- Guid:A4640FC949D180464AAD1FA87A9E4C91 BaseClass:/Game/Spikes/Spikes.Spikes_C NativeClass:/Script/Engine.Actor Name:Spikes_C_UAID_6C24085E88DB048601_1286333377 Label:Spikes12 SpatiallyLoaded:1 Bounds:IsValid=true, Min=(X=1482.000 Y=1582.000 Z=-180.000), Max=(X=1738.000 Y=1838.000 Z=-80.000) RuntimeGrid:None EditorOnly:0 RuntimeOnly:0 HLODRelevant:0
 |   |   |- Guid:A6C30A9C487A5618C6444DAC37090274 BaseClass:/Game/Collectables/Gem.Gem_C NativeClass:/Script/Engine.Actor Name:Gem_C_UAID_6C24085E88DBE88501_1703617444 Label:Gem2 SpatiallyLoaded:1 Bounds:IsValid=true, Min=(X=1522.500 Y=302.500 Z=-2.000), Max=(X=1597.500 Y=377.500 Z=142.678) RuntimeGrid:None EditorOnly:0 RuntimeOnly:0 HLODRelevant:0
 |   |   |- Guid:AADF20364B52F07960116FA4A6B3ABC2 BaseClass:/Game/Spikes/Spikes.Spikes_C NativeClass:/Script/Engine.Actor Name:Spikes_C_UAID_6C24085E88DB048601_1302486384 Label:Spikes19 SpatiallyLoaded:1 Bounds:IsValid=true, Min=(X=1772.000 Y=2172.000 Z=-180.000), Max=(X=2028.000 Y=2428.000 Z=-80.000) RuntimeGrid:None EditorOnly:0 RuntimeOnly:0 HLODRelevant:0
 |   |   |- Guid:B0718D6846706384220C03973177EDC1 BaseClass: NativeClass:/Script/Engine.StaticMeshActor Name:StaticMeshActor_44 Label:SM_ChamferCube10 SpatiallyLoaded:1 Bounds:IsValid=true, Min=(X=809.330 Y=299.199 Z=100.013), Max=(X=945.933 Y=435.801 Z=200.013) RuntimeGrid:None EditorOnly:0 RuntimeOnly:0 HLODRelevant:0 FolderPath:SimulatedCubes FolderGuid:9AEEADCB4DC6C647D6E7C0B4EDA1744F
 |   |   |- Guid:B10040274EC12B22E17003B68F97DC2F BaseClass:/Game/Spikes/Spikes.Spikes_C NativeClass:/Script/Engine.Actor Name:Spikes_C_UAID_6C24085E88DB048601_1302490387 Label:Spikes21 SpatiallyLoaded:1 Bounds:IsValid=true, Min=(X=1482.000 Y=2462.000 Z=-180.000), Max=(X=1738.000 Y=2718.000 Z=-80.000) RuntimeGrid:None EditorOnly:0 RuntimeOnly:0 HLODRelevant:0
 |   |   |- Guid:B1335AA5488F0372B9FA1587001ADFAE BaseClass:/Game/Spikes/Spikes.Spikes_C NativeClass:/Script/Engine.Actor Name:Spikes_C_UAID_6C24085E88DB048601_1229601368 Label:Spikes5 SpatiallyLoaded:1 Bounds:IsValid=true, Min=(X=1192.000 Y=1002.000 Z=-180.000), Max=(X=1448.000 Y=1258.000 Z=-80.000) RuntimeGrid:None EditorOnly:0 RuntimeOnly:0 HLODRelevant:0
 |   |   |- Guid:B632A514434DDCA64198FABA917C8520 BaseClass:/Game/Collectables/Gem.Gem_C NativeClass:/Script/Engine.Actor Name:Gem_C_UAID_6C24085E88DB008601_1716286666 Label:Gem7 SpatiallyLoaded:1 Bounds:IsValid=true, Min=(X=2492.500 Y=1912.500 Z=-2.000), Max=(X=2567.500 Y=1987.500 Z=142.678) RuntimeGrid:None EditorOnly:0 RuntimeOnly:0 HLODRelevant:0
 |   |   |- Guid:BBD5D1994F81AE6A72F2138365618EE8 BaseClass: NativeClass:/Script/Engine.StaticMeshActor Name:StaticMeshActor_UAID_6C24085E88DBB48501_1497909288 Label:SM_Cube7 SpatiallyLoaded:1 Bounds:IsValid=true, Min=(X=0.000 Y=-2500.000 Z=-50.000), Max=(X=3000.000 Y=1000.000 Z=0.000) RuntimeGrid:None EditorOnly:0 RuntimeOnly:0 HLODRelevant:1 FolderPath:Playground FolderGuid:6C02BB504B69D1F3D7A624B130C18E5B
 |   |   |- Guid:C0C56B9644AE3D40CAFF6A878DB29844 BaseClass: NativeClass:/Script/Engine.StaticMeshActor Name:StaticMeshActor_UAID_A4AE111137DC5EFB00_2001720423 Label:SM_SkySphere SpatiallyLoaded:0 Bounds:IsValid=true, Min=(X=-1638400.000 Y=-1638400.000 Z=-1638400.000), Max=(X=1638400.000 Y=1638400.000 Z=1638400.000) RuntimeGrid:None EditorOnly:0 RuntimeOnly:0 HLODRelevant:1 FolderPath:Lighting FolderGuid:0BA5F0A04EADB18E70D5B180D08FA34B
 |   |   |- Guid:C22CE07C4B87D685137FDBBC10FC92C6 BaseClass: NativeClass:/Script/Engine.SkyAtmosphere Name:SkyAtmosphere_0 Label:SkyAtmosphere SpatiallyLoaded:0 Bounds:IsValid=true, Min=(X=0.000 Y=0.000 Z=1020.000), Max=(X=0.000 Y=0.000 Z=1020.000) RuntimeGrid:None EditorOnly:0 RuntimeOnly:0 HLODRelevant:0 FolderPath:Lighting FolderGuid:0BA5F0A04EADB18E70D5B180D08FA34B
 |   |   |- Guid:C32AE4DE4D7967D1B19C8492D9C4AA36 BaseClass: NativeClass:/Script/Engine.StaticMeshActor Name:StaticMeshActor_16 Label:SM_Cube11 SpatiallyLoaded:1 Bounds:IsValid=true, Min=(X=900.000 Y=1900.000 Z=0.000), Max=(X=1200.000 Y=3400.000 Z=400.000) RuntimeGrid:None EditorOnly:0 RuntimeOnly:0 HLODRelevant:1 FolderPath:Block03 FolderGuid:0C5AB36945998C19C9EA9283402A8E02
 |   |   |- Guid:C426A21649B5FDAD44A2AC84F5C51B91 BaseClass:/Game/Spikes/Spikes.Spikes_C NativeClass:/Script/Engine.Actor Name:Spikes_C_UAID_6C24085E88DB048601_1237129370 Label:Spikes7 SpatiallyLoaded:1 Bounds:IsValid=true, Min=(X=1772.000 Y=1002.000 Z=-180.000), Max=(X=2028.000 Y=1258.000 Z=-80.000) RuntimeGrid:None EditorOnly:0 RuntimeOnly:0 HLODRelevant:0
 |   |   |- Guid:CAAD1472423DE7751049CAABCF0ED53D BaseClass:/Game/Collectables/ExitDoor.ExitDoor_C NativeClass:/Script/Engine.Actor Name:ExitDoor_C_UAID_6C24085E88DBE58501_1192839914 Label:ExitDoor SpatiallyLoaded:1 Bounds:IsValid=true, Min=(X=2447.868 Y=2947.868 Z=-4.000), Max=(X=2872.132 Y=3372.132 Z=415.000) RuntimeGrid:None EditorOnly:0 RuntimeOnly:0 HLODRelevant:0
 |   |   |- Guid:CE8D82634660FCDB3120E2B8D547C533 BaseClass: NativeClass:/Script/Engine.PostProcessVolume Name:PostProcessVolume_0 Label:PostProcessVolume SpatiallyLoaded:0 Bounds:IsValid=true, Min=(X=0.000 Y=0.000 Z=400.000), Max=(X=200.000 Y=200.000 Z=600.000) RuntimeGrid:None EditorOnly:0 RuntimeOnly:0 HLODRelevant:0 FolderPath:Lighting FolderGuid:0BA5F0A04EADB18E70D5B180D08FA34B
 |   |   |- Guid:D44940D943955A5965276FBBEA044017 BaseClass: NativeClass:/Script/Engine.StaticMeshActor Name:StaticMeshActor_20 Label:SM_ChamferCube2 SpatiallyLoaded:1 Bounds:IsValid=true, Min=(X=324.987 Y=1136.837 Z=0.013), Max=(X=453.158 Y=1265.008 Z=100.013) RuntimeGrid:None EditorOnly:0 RuntimeOnly:0 HLODRelevant:0 FolderPath:SimulatedCubes FolderGuid:9AEEADCB4DC6C647D6E7C0B4EDA1744F
 |   |   |- Guid:D65CE26D4543AB64D3E1CE82A79B39D9 BaseClass: NativeClass:/Script/Engine.StaticMeshActor Name:StaticMeshActor_45 Label:SM_ChamferCube11 SpatiallyLoaded:1 Bounds:IsValid=true, Min=(X=292.430 Y=3129.921 Z=0.013), Max=(X=433.313 Y=3270.804 Z=100.013) RuntimeGrid:None EditorOnly:0 RuntimeOnly:0 HLODRelevant:0 FolderPath:SimulatedCubes FolderGuid:9AEEADCB4DC6C647D6E7C0B4EDA1744F
 |   |   |- Guid:D935740A490176EB4702AF96F92450E8 BaseClass: NativeClass:/Script/Engine.StaticMeshActor Name:StaticMeshActor_38 Label:SM_ChamferCube18 SpatiallyLoaded:1 Bounds:IsValid=true, Min=(X=343.798 Y=1188.520 Z=100.013), Max=(X=471.969 Y=1316.691 Z=200.013) RuntimeGrid:None EditorOnly:0 RuntimeOnly:0 HLODRelevant:0 FolderPath:SimulatedCubes FolderGuid:9AEEADCB4DC6C647D6E7C0B4EDA1744F
 |   |   |- Guid:E051597541B4C998010633A0C1018139 BaseClass: NativeClass:/Script/Engine.StaticMeshActor Name:StaticMeshActor_30 Label:SM_ChamferCube5 SpatiallyLoaded:1 Bounds:IsValid=true, Min=(X=2155.431 Y=2937.543 Z=0.063), Max=(X=2366.756 Y=3148.868 Z=150.063) RuntimeGrid:None EditorOnly:0 RuntimeOnly:0 HLODRelevant:0 FolderPath:SimulatedCubes FolderGuid:9AEEADCB4DC6C647D6E7C0B4EDA1744F
 |   |   |- Guid:E42181F64CF2CDD94754C9B2C0BFCB01 BaseClass:/Game/Spikes/Spikes.Spikes_C NativeClass:/Script/Engine.Actor Name:Spikes_C_UAID_6C24085E88DB048601_1302481381 Label:Spikes16 SpatiallyLoaded:1 Bounds:IsValid=true, Min=(X=1772.000 Y=1882.000 Z=-180.000), Max=(X=2028.000 Y=2138.000 Z=-80.000) RuntimeGrid:None EditorOnly:0 RuntimeOnly:0 HLODRelevant:0
 |   |   |- Guid:E5320C1B4FD9764CE7B54D8487AEC613 BaseClass: NativeClass:/Script/Engine.SkyLight Name:SkyLight_0 Label:SkyLight SpatiallyLoaded:0 Bounds:IsValid=true, Min=(X=0.000 Y=0.000 Z=690.000), Max=(X=0.000 Y=0.000 Z=690.000) RuntimeGrid:None EditorOnly:0 RuntimeOnly:0 HLODRelevant:0 FolderPath:Lighting FolderGuid:0BA5F0A04EADB18E70D5B180D08FA34B
 |   |   |- Guid:E61593E24C9FB62BC8BE5A869AD628CB BaseClass: NativeClass:/Script/Engine.StaticMeshActor Name:StaticMeshActor_UAID_6C24085E88DBB48501_1458255287 Label:SM_Cube4 SpatiallyLoaded:1 Bounds:IsValid=true, Min=(X=2000.000 Y=0.000 Z=-50.000), Max=(X=5000.000 Y=3500.000 Z=0.000) RuntimeGrid:None EditorOnly:0 RuntimeOnly:0 HLODRelevant:1 FolderPath:Playground FolderGuid:6C02BB504B69D1F3D7A624B130C18E5B
 |   |   |- Guid:EE66F4454A4A9F99393F559AB739C05E BaseClass:/Game/FirstPerson/Blueprints/BP_Pickup_Rifle.BP_Pickup_Rifle_C NativeClass:/Script/Engine.Actor Name:BP_Rifle_C_1 Label:BP_Pickup_Rifle SpatiallyLoaded:1 Bounds:IsValid=true, Min=(X=1378.000 Y=818.000 Z=64.000), Max=(X=1442.000 Y=907.440 Z=128.000) RuntimeGrid:None EditorOnly:0 RuntimeOnly:0 HLODRelevant:0
 |   |   |- Guid:F07F1AF64C7C7C238EE1B4BF8C122DD8 BaseClass: NativeClass:/Script/Engine.StaticMeshActor Name:StaticMeshActor_4 Label:SM_Cube3 SpatiallyLoaded:1 Bounds:IsValid=true, Min=(X=0.000 Y=3400.000 Z=0.000), Max=(X=3000.000 Y=3500.000 Z=400.000) RuntimeGrid:None EditorOnly:0 RuntimeOnly:0 HLODRelevant:1 FolderPath:Playground FolderGuid:6C02BB504B69D1F3D7A624B130C18E5B
 |   |   |- Guid:F4ADA2544CF7E64E0770D6A73B469796 BaseClass:/Game/Spikes/Spikes.Spikes_C NativeClass:/Script/Engine.Actor Name:Spikes_C_UAID_6C24085E88DB048601_1302477379 Label:Spikes14 SpatiallyLoaded:1 Bounds:IsValid=true, Min=(X=1192.000 Y=1882.000 Z=-180.000), Max=(X=1448.000 Y=2138.000 Z=-80.000) RuntimeGrid:None EditorOnly:0 RuntimeOnly:0 HLODRelevant:0
 |   |   |- Guid:F80621C9446867154938FE81375207DA BaseClass: NativeClass:/Script/Engine.DirectionalLight Name:DirectionalLight_1 Label:DirectionalLight SpatiallyLoaded:0 Bounds:IsValid=true, Min=(X=-1048576.000 Y=-1048576.000 Z=-1048576.000), Max=(X=1048576.000 Y=1048576.000 Z=1048576.000) RuntimeGrid:None EditorOnly:0 RuntimeOnly:0 HLODRelevant:0 FolderPath:Lighting FolderGuid:0BA5F0A04EADB18E70D5B180D08FA34B
 |   |   |- Guid:FE369CF94A071F9176E524A237CA92AA BaseClass: NativeClass:/Script/Engine.StaticMeshActor Name:StaticMeshActor_1 Label:SM_ChamferCube SpatiallyLoaded:1 Bounds:IsValid=true, Min=(X=761.699 Y=271.699 Z=0.013), Max=(X=898.301 Y=408.301 Z=100.013) RuntimeGrid:None EditorOnly:0 RuntimeOnly:0 HLODRelevant:0 FolderPath:SimulatedCubes FolderGuid:9AEEADCB4DC6C647D6E7C0B4EDA1744F
 |   |- [+] Clusters:
 |   |   |- [+] [  0]
 |   |   |   |- Guid:61391D344900612A77DFC3BA3E354907 BaseClass: NativeClass:/Script/Engine.ExponentialHeightFog Name:ExponentialHeightFog_0 Label:ExponentialHeightFog SpatiallyLoaded:0 Bounds:IsValid=true, Min=(X=-5600.000 Y=-50.000 Z=-6850.000), Max=(X=-5600.000 Y=-50.000 Z=-6850.000) RuntimeGrid:None EditorOnly:0 RuntimeOnly:0 HLODRelevant:0 FolderPath:Lighting FolderGuid:0BA5F0A04EADB18E70D5B180D08FA34B
 |   |   |- [+] [  1]
 |   |   |   |- Guid:09D243D64B8F0CDABF65D49CF614727C BaseClass:/Game/Spikes/Spikes.Spikes_C NativeClass:/Script/Engine.Actor Name:Spikes_C_UAID_6C24085E88DB048601_1302484383 Label:Spikes18 SpatiallyLoaded:1 Bounds:IsValid=true, Min=(X=1482.000 Y=2172.000 Z=-180.000), Max=(X=1738.000 Y=2428.000 Z=-80.000) RuntimeGrid:None EditorOnly:0 RuntimeOnly:0 HLODRelevant:0
 |   |   |- [+] [  2]
 |   |   |   |- Guid:C426A21649B5FDAD44A2AC84F5C51B91 BaseClass:/Game/Spikes/Spikes.Spikes_C NativeClass:/Script/Engine.Actor Name:Spikes_C_UAID_6C24085E88DB048601_1237129370 Label:Spikes7 SpatiallyLoaded:1 Bounds:IsValid=true, Min=(X=1772.000 Y=1002.000 Z=-180.000), Max=(X=2028.000 Y=1258.000 Z=-80.000) RuntimeGrid:None EditorOnly:0 RuntimeOnly:0 HLODRelevant:0
 |   |   |- [+] [  3]
 |   |   |   |- Guid:5FE7584649BB6F09265329A6C57CFD0D BaseClass: NativeClass:/Script/Engine.VolumetricCloud Name:VolumetricCloud_0 Label:VolumetricCloud SpatiallyLoaded:0 Bounds:IsValid=true, Min=(X=0.000 Y=0.000 Z=820.000), Max=(X=0.000 Y=0.000 Z=820.000) RuntimeGrid:None EditorOnly:0 RuntimeOnly:0 HLODRelevant:0 FolderPath:Lighting FolderGuid:0BA5F0A04EADB18E70D5B180D08FA34B
 |   |   |- [+] [  4]
 |   |   |   |- Guid:D65CE26D4543AB64D3E1CE82A79B39D9 BaseClass: NativeClass:/Script/Engine.StaticMeshActor Name:StaticMeshActor_45 Label:SM_ChamferCube11 SpatiallyLoaded:1 Bounds:IsValid=true, Min=(X=292.430 Y=3129.921 Z=0.013), Max=(X=433.313 Y=3270.804 Z=100.013) RuntimeGrid:None EditorOnly:0 RuntimeOnly:0 HLODRelevant:0 FolderPath:SimulatedCubes FolderGuid:9AEEADCB4DC6C647D6E7C0B4EDA1744F
 |   |   |- [+] [  5]
 |   |   |   |- Guid:F80621C9446867154938FE81375207DA BaseClass: NativeClass:/Script/Engine.DirectionalLight Name:DirectionalLight_1 Label:DirectionalLight SpatiallyLoaded:0 Bounds:IsValid=true, Min=(X=-1048576.000 Y=-1048576.000 Z=-1048576.000), Max=(X=1048576.000 Y=1048576.000 Z=1048576.000) RuntimeGrid:None EditorOnly:0 RuntimeOnly:0 HLODRelevant:0 FolderPath:Lighting FolderGuid:0BA5F0A04EADB18E70D5B180D08FA34B
 |   |   |- [+] [  6]
 |   |   |   |- Guid:77306A3640045D9D548B51904D794A56 BaseClass:/Game/Spikes/Spikes.Spikes_C NativeClass:/Script/Engine.Actor Name:Spikes_C_UAID_6C24085E88DB048601_1302483382 Label:Spikes17 SpatiallyLoaded:1 Bounds:IsValid=true, Min=(X=1192.000 Y=2172.000 Z=-180.000), Max=(X=1448.000 Y=2428.000 Z=-80.000) RuntimeGrid:None EditorOnly:0 RuntimeOnly:0 HLODRelevant:0
 |   |   |- [+] [  7]
 |   |   |   |- Guid:B10040274EC12B22E17003B68F97DC2F BaseClass:/Game/Spikes/Spikes.Spikes_C NativeClass:/Script/Engine.Actor Name:Spikes_C_UAID_6C24085E88DB048601_1302490387 Label:Spikes21 SpatiallyLoaded:1 Bounds:IsValid=true, Min=(X=1482.000 Y=2462.000 Z=-180.000), Max=(X=1738.000 Y=2718.000 Z=-80.000) RuntimeGrid:None EditorOnly:0 RuntimeOnly:0 HLODRelevant:0
 |   |   |- [+] [  8]
 |   |   |   |- Guid:373BCADC4E0B3E726ED494AC5627B351 BaseClass: NativeClass:/Script/Engine.StaticMeshActor Name:StaticMeshActor_40 Label:SM_ChamferCube8 SpatiallyLoaded:1 Bounds:IsValid=true, Min=(X=2313.116 Y=1273.116 Z=0.063), Max=(X=2486.884 Y=1446.884 Z=150.063) RuntimeGrid:None EditorOnly:0 RuntimeOnly:0 HLODRelevant:0 FolderPath:SimulatedCubes FolderGuid:9AEEADCB4DC6C647D6E7C0B4EDA1744F
 |   |   |- [+] [  9]
 |   |   |   |- Guid:0187DB584DE2DC9AE3EBD1B4EDA82397 BaseClass: NativeClass:/Script/Engine.StaticMeshActor Name:StaticMeshActor_UAID_6C24085E88DBB78501_1938868820 Label:SM_Cube12 SpatiallyLoaded:1 Bounds:IsValid=true, Min=(X=2000.000 Y=100.000 Z=0.000), Max=(X=2300.000 Y=1600.000 Z=400.000) RuntimeGrid:None EditorOnly:0 RuntimeOnly:0 HLODRelevant:1 FolderPath:Block03 FolderGuid:0C5AB36945998C19C9EA9283402A8E02
 |   |   |- [+] [ 10]
 |   |   |   |- Guid:8E9EA0F84D0FC901D6ABCF911C08AEE3 BaseClass: NativeClass:/Script/Engine.StaticMeshActor Name:StaticMeshActor_50 Label:SM_ChamferCube15 SpatiallyLoaded:1 Bounds:IsValid=true, Min=(X=2480.411 Y=2187.371 Z=0.013), Max=(X=2580.411 Y=2287.371 Z=100.013) RuntimeGrid:None EditorOnly:0 RuntimeOnly:0 HLODRelevant:0 FolderPath:SimulatedCubes FolderGuid:9AEEADCB4DC6C647D6E7C0B4EDA1744F
 |   |   |- [+] [ 11]
 |   |   |   |- Guid:21262252453B37957EF29F82ABA2413B BaseClass: NativeClass:/Script/Engine.TextRenderActor Name:TextRenderActor_1 Label:TextRenderActor SpatiallyLoaded:1 Bounds:IsValid=true, Min=(X=-0.100 Y=1100.000 Z=65.013), Max=(X=-0.100 Y=2363.461 Z=215.013) RuntimeGrid:None EditorOnly:0 RuntimeOnly:0 HLODRelevant:0
 |   |   |- [+] [ 12]
 |   |   |   |- Guid:59402B9F402AAA5402C3AA9874A70208 BaseClass:/Game/Collectables/Gem.Gem_C NativeClass:/Script/Engine.Actor Name:Gem_C_UAID_6C24085E88DB048601_1441050390 Label:Gem9 SpatiallyLoaded:1 Bounds:IsValid=true, Min=(X=2622.500 Y=1152.500 Z=-2.000), Max=(X=2697.500 Y=1227.500 Z=142.678) RuntimeGrid:None EditorOnly:0 RuntimeOnly:0 HLODRelevant:0
 |   |   |- [+] [ 13]
 |   |   |   |- Guid:B1335AA5488F0372B9FA1587001ADFAE BaseClass:/Game/Spikes/Spikes.Spikes_C NativeClass:/Script/Engine.Actor Name:Spikes_C_UAID_6C24085E88DB048601_1229601368 Label:Spikes5 SpatiallyLoaded:1 Bounds:IsValid=true, Min=(X=1192.000 Y=1002.000 Z=-180.000), Max=(X=1448.000 Y=1258.000 Z=-80.000) RuntimeGrid:None EditorOnly:0 RuntimeOnly:0 HLODRelevant:0
 |   |   |- [+] [ 14]
 |   |   |   |- Guid:6C6665E44E497939F397359A28FB9F5A BaseClass:/Game/Spikes/Spikes.Spikes_C NativeClass:/Script/Engine.Actor Name:Spikes_C_UAID_6C24085E88DBE48501_1981506736 Label:Spikes3 SpatiallyLoaded:1 Bounds:IsValid=true, Min=(X=2012.000 Y=1912.000 Z=0.000), Max=(X=2268.000 Y=2168.000 Z=100.000) RuntimeGrid:None EditorOnly:0 RuntimeOnly:0 HLODRelevant:0
 |   |   |- [+] [ 15]
 |   |   |   |- Guid:AADF20364B52F07960116FA4A6B3ABC2 BaseClass:/Game/Spikes/Spikes.Spikes_C NativeClass:/Script/Engine.Actor Name:Spikes_C_UAID_6C24085E88DB048601_1302486384 Label:Spikes19 SpatiallyLoaded:1 Bounds:IsValid=true, Min=(X=1772.000 Y=2172.000 Z=-180.000), Max=(X=2028.000 Y=2428.000 Z=-80.000) RuntimeGrid:None EditorOnly:0 RuntimeOnly:0 HLODRelevant:0
 |   |   |- [+] [ 16]
 |   |   |   |- Guid:805D152D4A1B17F7BF31FE97EEE787D5 BaseClass:/Game/Spikes/Spikes.Spikes_C NativeClass:/Script/Engine.Actor Name:Spikes_C_UAID_6C24085E88DB048601_1286335378 Label:Spikes13 SpatiallyLoaded:1 Bounds:IsValid=true, Min=(X=1772.000 Y=1582.000 Z=-180.000), Max=(X=2028.000 Y=1838.000 Z=-80.000) RuntimeGrid:None EditorOnly:0 RuntimeOnly:0 HLODRelevant:0
 |   |   |- [+] [ 17]
 |   |   |   |- Guid:B632A514434DDCA64198FABA917C8520 BaseClass:/Game/Collectables/Gem.Gem_C NativeClass:/Script/Engine.Actor Name:Gem_C_UAID_6C24085E88DB008601_1716286666 Label:Gem7 SpatiallyLoaded:1 Bounds:IsValid=true, Min=(X=2492.500 Y=1912.500 Z=-2.000), Max=(X=2567.500 Y=1987.500 Z=142.678) RuntimeGrid:None EditorOnly:0 RuntimeOnly:0 HLODRelevant:0
 |   |   |- [+] [ 18]
 |   |   |   |- Guid:42318D734050F2C3090EB1903BD1D89A BaseClass:/Game/Collectables/Gem.Gem_C NativeClass:/Script/Engine.Actor Name:Gem_C_UAID_6C24085E88DB048601_1444705391 Label:Gem10 SpatiallyLoaded:1 Bounds:IsValid=true, Min=(X=402.500 Y=2572.500 Z=-2.000), Max=(X=477.500 Y=2647.500 Z=142.678) RuntimeGrid:None EditorOnly:0 RuntimeOnly:0 HLODRelevant:0
 |   |   |- [+] [ 19]
 |   |   |   |- Guid:BBD5D1994F81AE6A72F2138365618EE8 BaseClass: NativeClass:/Script/Engine.StaticMeshActor Name:StaticMeshActor_UAID_6C24085E88DBB48501_1497909288 Label:SM_Cube7 SpatiallyLoaded:1 Bounds:IsValid=true, Min=(X=0.000 Y=-2500.000 Z=-50.000), Max=(X=3000.000 Y=1000.000 Z=0.000) RuntimeGrid:None EditorOnly:0 RuntimeOnly:0 HLODRelevant:1 FolderPath:Playground FolderGuid:6C02BB504B69D1F3D7A624B130C18E5B
 |   |   |- [+] [ 20]
 |   |   |   |- Guid:90B7B8D3420C2EABA931D3A6A69DF696 BaseClass: NativeClass:/Script/Engine.StaticMeshActor Name:StaticMeshActor_3 Label:SM_Cube2 SpatiallyLoaded:1 Bounds:IsValid=true, Min=(X=0.000 Y=0.000 Z=0.000), Max=(X=3000.000 Y=100.000 Z=400.000) RuntimeGrid:None EditorOnly:0 RuntimeOnly:0 HLODRelevant:1 FolderPath:Playground FolderGuid:6C02BB504B69D1F3D7A624B130C18E5B
 |   |   |- [+] [ 21]
 |   |   |   |- Guid:FE369CF94A071F9176E524A237CA92AA BaseClass: NativeClass:/Script/Engine.StaticMeshActor Name:StaticMeshActor_1 Label:SM_ChamferCube SpatiallyLoaded:1 Bounds:IsValid=true, Min=(X=761.699 Y=271.699 Z=0.013), Max=(X=898.301 Y=408.301 Z=100.013) RuntimeGrid:None EditorOnly:0 RuntimeOnly:0 HLODRelevant:0 FolderPath:SimulatedCubes FolderGuid:9AEEADCB4DC6C647D6E7C0B4EDA1744F
 |   |   |- [+] [ 22]
 |   |   |   |- Guid:6C3ED65C4DC5A291EF3A918742127363 BaseClass: NativeClass:/Script/Engine.StaticMeshActor Name:StaticMeshActor_UAID_6C24085E88DB048601_1286329375 Label:SM_Cube13 SpatiallyLoaded:1 Bounds:IsValid=true, Min=(X=320.000 Y=500.000 Z=-230.000), Max=(X=3320.000 Y=4000.000 Z=-180.000) RuntimeGrid:None EditorOnly:0 RuntimeOnly:0 HLODRelevant:1 FolderPath:Playground FolderGuid:6C02BB504B69D1F3D7A624B130C18E5B
 |   |   |- [+] [ 23]
 |   |   |   |- Guid:0D9A119844DAD3A090528D94BCAAA78B BaseClass:/Game/Collectables/Gem.Gem_C NativeClass:/Script/Engine.Actor Name:Gem_C_UAID_6C24085E88DB048601_1439539389 Label:Gem8 SpatiallyLoaded:1 Bounds:IsValid=true, Min=(X=2552.500 Y=442.500 Z=-2.000), Max=(X=2627.500 Y=517.500 Z=142.678) RuntimeGrid:None EditorOnly:0 RuntimeOnly:0 HLODRelevant:0
 |   |   |- [+] [ 24]
 |   |   |   |- Guid:2F763CDE43EE605402360C9E2E4565C9 BaseClass: NativeClass:/Script/Engine.StaticMeshActor Name:StaticMeshActor_UAID_6C24085E88DB048601_1302488385 Label:SM_Cube14 SpatiallyLoaded:1 Bounds:IsValid=true, Min=(X=320.000 Y=1380.000 Z=-230.000), Max=(X=3320.000 Y=4880.000 Z=-180.000) RuntimeGrid:None EditorOnly:0 RuntimeOnly:0 HLODRelevant:1 FolderPath:Playground FolderGuid:6C02BB504B69D1F3D7A624B130C18E5B
 |   |   |- [+] [ 25]
 |   |   |   |- Guid:2A78EF094E089635A07B30AB9A046A81 BaseClass: NativeClass:/Script/Engine.StaticMeshActor Name:StaticMeshActor_47 Label:SM_ChamferCube13 SpatiallyLoaded:1 Bounds:IsValid=true, Min=(X=250.297 Y=3094.568 Z=100.013), Max=(X=391.180 Y=3235.451 Z=200.013) RuntimeGrid:None EditorOnly:0 RuntimeOnly:0 HLODRelevant:0 FolderPath:SimulatedCubes FolderGuid:9AEEADCB4DC6C647D6E7C0B4EDA1744F
 |   |   |- [+] [ 26]
 |   |   |   |- Guid:3C8661C146109A1E1E2FB5B930A8C5B8 BaseClass:/Game/Spikes/Spikes.Spikes_C NativeClass:/Script/Engine.Actor Name:Spikes_C_UAID_6C24085E88DB048601_1286331376 Label:Spikes11 SpatiallyLoaded:1 Bounds:IsValid=true, Min=(X=1192.000 Y=1582.000 Z=-180.000), Max=(X=1448.000 Y=1838.000 Z=-80.000) RuntimeGrid:None EditorOnly:0 RuntimeOnly:0 HLODRelevant:0
 |   |   |- [+] [ 27]
 |   |   |   |- Guid:514B0CF94B3770CDAD54F4BE0C31F091 BaseClass:/Game/Spikes/Spikes.Spikes_C NativeClass:/Script/Engine.Actor Name:Spikes_C_UAID_6C24085E88DB048601_1269147372 Label:Spikes8 SpatiallyLoaded:1 Bounds:IsValid=true, Min=(X=1192.000 Y=1292.000 Z=-180.000), Max=(X=1448.000 Y=1548.000 Z=-80.000) RuntimeGrid:None EditorOnly:0 RuntimeOnly:0 HLODRelevant:0
 |   |   |- [+] [ 28]
 |   |   |   |- Guid:7DCFF2144714F0843D87428AC48CE4F4 BaseClass: NativeClass:/Script/Engine.StaticMeshActor Name:StaticMeshActor_24 Label:SM_ChamferCube17 SpatiallyLoaded:1 Bounds:IsValid=true, Min=(X=364.319 Y=1244.901 Z=0.013), Max=(X=492.491 Y=1373.073 Z=100.013) RuntimeGrid:None EditorOnly:0 RuntimeOnly:0 HLODRelevant:0 FolderPath:SimulatedCubes FolderGuid:9AEEADCB4DC6C647D6E7C0B4EDA1744F
 |   |   |- [+] [ 29]
 |   |   |   |- Guid:EE66F4454A4A9F99393F559AB739C05E BaseClass:/Game/FirstPerson/Blueprints/BP_Pickup_Rifle.BP_Pickup_Rifle_C NativeClass:/Script/Engine.Actor Name:BP_Rifle_C_1 Label:BP_Pickup_Rifle SpatiallyLoaded:1 Bounds:IsValid=true, Min=(X=1378.000 Y=818.000 Z=64.000), Max=(X=1442.000 Y=907.440 Z=128.000) RuntimeGrid:None EditorOnly:0 RuntimeOnly:0 HLODRelevant:0
 |   |   |- [+] [ 30]
 |   |   |   |- Guid:D44940D943955A5965276FBBEA044017 BaseClass: NativeClass:/Script/Engine.StaticMeshActor Name:StaticMeshActor_20 Label:SM_ChamferCube2 SpatiallyLoaded:1 Bounds:IsValid=true, Min=(X=324.987 Y=1136.837 Z=0.013), Max=(X=453.158 Y=1265.008 Z=100.013) RuntimeGrid:None EditorOnly:0 RuntimeOnly:0 HLODRelevant:0 FolderPath:SimulatedCubes FolderGuid:9AEEADCB4DC6C647D6E7C0B4EDA1744F
 |   |   |- [+] [ 31]
 |   |   |   |- Guid:1A5C646D451255DFA5F8429DF6428BD4 BaseClass:/Game/Spikes/Spikes.Spikes_C NativeClass:/Script/Engine.Actor Name:Spikes_C_UAID_6C24085E88DB048601_1269150373 Label:Spikes9 SpatiallyLoaded:1 Bounds:IsValid=true, Min=(X=1482.000 Y=1292.000 Z=-180.000), Max=(X=1738.000 Y=1548.000 Z=-80.000) RuntimeGrid:None EditorOnly:0 RuntimeOnly:0 HLODRelevant:0
 |   |   |- [+] [ 32]
 |   |   |   |- Guid:E5320C1B4FD9764CE7B54D8487AEC613 BaseClass: NativeClass:/Script/Engine.SkyLight Name:SkyLight_0 Label:SkyLight SpatiallyLoaded:0 Bounds:IsValid=true, Min=(X=0.000 Y=0.000 Z=690.000), Max=(X=0.000 Y=0.000 Z=690.000) RuntimeGrid:None EditorOnly:0 RuntimeOnly:0 HLODRelevant:0 FolderPath:Lighting FolderGuid:0BA5F0A04EADB18E70D5B180D08FA34B
 |   |   |- [+] [ 33]
 |   |   |   |- Guid:E42181F64CF2CDD94754C9B2C0BFCB01 BaseClass:/Game/Spikes/Spikes.Spikes_C NativeClass:/Script/Engine.Actor Name:Spikes_C_UAID_6C24085E88DB048601_1302481381 Label:Spikes16 SpatiallyLoaded:1 Bounds:IsValid=true, Min=(X=1772.000 Y=1882.000 Z=-180.000), Max=(X=2028.000 Y=2138.000 Z=-80.000) RuntimeGrid:None EditorOnly:0 RuntimeOnly:0 HLODRelevant:0
 |   |   |- [+] [ 34]
 |   |   |   |- Guid:F07F1AF64C7C7C238EE1B4BF8C122DD8 BaseClass: NativeClass:/Script/Engine.StaticMeshActor Name:StaticMeshActor_4 Label:SM_Cube3 SpatiallyLoaded:1 Bounds:IsValid=true, Min=(X=0.000 Y=3400.000 Z=0.000), Max=(X=3000.000 Y=3500.000 Z=400.000) RuntimeGrid:None EditorOnly:0 RuntimeOnly:0 HLODRelevant:1 FolderPath:Playground FolderGuid:6C02BB504B69D1F3D7A624B130C18E5B
 |   |   |- [+] [ 35]
 |   |   |   |- Guid:CAAD1472423DE7751049CAABCF0ED53D BaseClass:/Game/Collectables/ExitDoor.ExitDoor_C NativeClass:/Script/Engine.Actor Name:ExitDoor_C_UAID_6C24085E88DBE58501_1192839914 Label:ExitDoor SpatiallyLoaded:1 Bounds:IsValid=true, Min=(X=2447.868 Y=2947.868 Z=-4.000), Max=(X=2872.132 Y=3372.132 Z=415.000) RuntimeGrid:None EditorOnly:0 RuntimeOnly:0 HLODRelevant:0
 |   |   |- [+] [ 36]
 |   |   |   |- Guid:1D1466D2436177F22CFCA4A4163E764F BaseClass:/Game/Spikes/Spikes.Spikes_C NativeClass:/Script/Engine.Actor Name:Spikes_C_UAID_6C24085E88DB048601_1269152374 Label:Spikes10 SpatiallyLoaded:1 Bounds:IsValid=true, Min=(X=1772.000 Y=1292.000 Z=-180.000), Max=(X=2028.000 Y=1548.000 Z=-80.000) RuntimeGrid:None EditorOnly:0 RuntimeOnly:0 HLODRelevant:0
 |   |   |- [+] [ 37]
 |   |   |   |- Guid:78907B824E304E162A9A02B9095F1FA1 BaseClass: NativeClass:/Script/Engine.StaticMeshActor Name:StaticMeshActor_43 Label:SM_ChamferCube9 SpatiallyLoaded:1 Bounds:IsValid=true, Min=(X=861.292 Y=329.199 Z=0.013), Max=(X=997.894 Y=465.801 Z=100.013) RuntimeGrid:None EditorOnly:0 RuntimeOnly:0 HLODRelevant:0 FolderPath:SimulatedCubes FolderGuid:9AEEADCB4DC6C647D6E7C0B4EDA1744F
 |   |   |- [+] [ 38]
 |   |   |   |- Guid:1A509AC2431CA706F4F4179FB5AEE753 BaseClass:/Game/Collectables/Gem.Gem_C NativeClass:/Script/Engine.Actor Name:Gem_C_UAID_6C24085E88DB048601_1446814392 Label:Gem11 SpatiallyLoaded:1 Bounds:IsValid=true, Min=(X=622.500 Y=1022.500 Z=-2.000), Max=(X=697.500 Y=1097.500 Z=142.678) RuntimeGrid:None EditorOnly:0 RuntimeOnly:0 HLODRelevant:0
 |   |   |- [+] [ 39]
 |   |   |   |- Guid:78CAF7514C7533F30BD2F19A017AAB65 BaseClass: NativeClass:/Script/Engine.StaticMeshActor Name:StaticMeshActor_0 Label:SM_Cube SpatiallyLoaded:1 Bounds:IsValid=true, Min=(X=-1800.000 Y=0.000 Z=-50.000), Max=(X=1200.000 Y=3500.000 Z=0.000) RuntimeGrid:None EditorOnly:0 RuntimeOnly:0 HLODRelevant:1 FolderPath:Playground FolderGuid:6C02BB504B69D1F3D7A624B130C18E5B
 |   |   |- [+] [ 40]
 |   |   |   |- Guid:573177074D0ADB4DA9A357AE2A5CADA8 BaseClass: NativeClass:/Script/Engine.StaticMeshActor Name:StaticMeshActor_49 Label:SM_ChamferCube14 SpatiallyLoaded:1 Bounds:IsValid=true, Min=(X=2480.411 Y=2302.371 Z=0.013), Max=(X=2580.411 Y=2402.371 Z=100.013) RuntimeGrid:None EditorOnly:0 RuntimeOnly:0 HLODRelevant:0 FolderPath:SimulatedCubes FolderGuid:9AEEADCB4DC6C647D6E7C0B4EDA1744F
 |   |   |- [+] [ 41]
 |   |   |   |- Guid:E051597541B4C998010633A0C1018139 BaseClass: NativeClass:/Script/Engine.StaticMeshActor Name:StaticMeshActor_30 Label:SM_ChamferCube5 SpatiallyLoaded:1 Bounds:IsValid=true, Min=(X=2155.431 Y=2937.543 Z=0.063), Max=(X=2366.756 Y=3148.868 Z=150.063) RuntimeGrid:None EditorOnly:0 RuntimeOnly:0 HLODRelevant:0 FolderPath:SimulatedCubes FolderGuid:9AEEADCB4DC6C647D6E7C0B4EDA1744F
 |   |   |- [+] [ 42]
 |   |   |   |- Guid:B0718D6846706384220C03973177EDC1 BaseClass: NativeClass:/Script/Engine.StaticMeshActor Name:StaticMeshActor_44 Label:SM_ChamferCube10 SpatiallyLoaded:1 Bounds:IsValid=true, Min=(X=809.330 Y=299.199 Z=100.013), Max=(X=945.933 Y=435.801 Z=200.013) RuntimeGrid:None EditorOnly:0 RuntimeOnly:0 HLODRelevant:0 FolderPath:SimulatedCubes FolderGuid:9AEEADCB4DC6C647D6E7C0B4EDA1744F
 |   |   |- [+] [ 43]
 |   |   |   |- Guid:014139064B272AE31FF877B819CB5734 BaseClass: NativeClass:/Script/Engine.StaticMeshActor Name:StaticMeshActor_8 Label:SM_ChamferCube3 SpatiallyLoaded:1 Bounds:IsValid=true, Min=(X=257.548 Y=2127.548 Z=0.063), Max=(X=462.452 Y=2332.452 Z=150.063) RuntimeGrid:None EditorOnly:0 RuntimeOnly:0 HLODRelevant:0 FolderPath:SimulatedCubes FolderGuid:9AEEADCB4DC6C647D6E7C0B4EDA1744F
 |   |   |- [+] [ 44]
 |   |   |   |- Guid:764666EF4316C7851F06859A678454F2 BaseClass: NativeClass:/Script/Engine.StaticMeshActor Name:StaticMeshActor_46 Label:SM_ChamferCube12 SpatiallyLoaded:1 Bounds:IsValid=true, Min=(X=204.335 Y=3056.000 Z=0.013), Max=(X=345.218 Y=3196.884 Z=100.013) RuntimeGrid:None EditorOnly:0 RuntimeOnly:0 HLODRelevant:0 FolderPath:SimulatedCubes FolderGuid:9AEEADCB4DC6C647D6E7C0B4EDA1744F
 |   |   |- [+] [ 45]
 |   |   |   |- Guid:A354B1B24E617A525DC6B48CCDE2417E BaseClass: NativeClass:/Script/Engine.PlayerStart Name:PlayerStart_0 Label:PlayerStart SpatiallyLoaded:0 Bounds:IsValid=true, Min=(X=860.000 Y=810.000 Z=0.013), Max=(X=940.000 Y=890.000 Z=184.013) RuntimeGrid:None EditorOnly:0 RuntimeOnly:0 HLODRelevant:0
 |   |   |- [+] [ 46]
 |   |   |   |- Guid:916E6EAE483B0F91488E4E97C3441CF6 BaseClass:/Game/Spikes/Spikes.Spikes_C NativeClass:/Script/Engine.Actor Name:Spikes_C_UAID_6C24085E88DB048601_1302489386 Label:Spikes20 SpatiallyLoaded:1 Bounds:IsValid=true, Min=(X=1192.000 Y=2462.000 Z=-180.000), Max=(X=1448.000 Y=2718.000 Z=-80.000) RuntimeGrid:None EditorOnly:0 RuntimeOnly:0 HLODRelevant:0
 |   |   |- [+] [ 47]
 |   |   |   |- Guid:C32AE4DE4D7967D1B19C8492D9C4AA36 BaseClass: NativeClass:/Script/Engine.StaticMeshActor Name:StaticMeshActor_16 Label:SM_Cube11 SpatiallyLoaded:1 Bounds:IsValid=true, Min=(X=900.000 Y=1900.000 Z=0.000), Max=(X=1200.000 Y=3400.000 Z=400.000) RuntimeGrid:None EditorOnly:0 RuntimeOnly:0 HLODRelevant:1 FolderPath:Block03 FolderGuid:0C5AB36945998C19C9EA9283402A8E02
 |   |   |- [+] [ 48]
 |   |   |   |- Guid:97893D2B4E0674F9E6F9BDB9352C299F BaseClass:/Game/Collectables/Gem.Gem_C NativeClass:/Script/Engine.Actor Name:Gem_C_UAID_6C24085E88DB008601_1711626664 Label:Gem5 SpatiallyLoaded:1 Bounds:IsValid=true, Min=(X=2132.500 Y=2692.500 Z=-2.000), Max=(X=2207.500 Y=2767.500 Z=142.678) RuntimeGrid:None EditorOnly:0 RuntimeOnly:0 HLODRelevant:0
 |   |   |- [+] [ 49]
 |   |   |   |- Guid:6B9F7C52434CCF99C7551893412C2C21 BaseClass: NativeClass:/Script/Engine.StaticMeshActor Name:StaticMeshActor_51 Label:SM_ChamferCube16 SpatiallyLoaded:1 Bounds:IsValid=true, Min=(X=2480.411 Y=2247.371 Z=100.013), Max=(X=2580.411 Y=2347.371 Z=200.013) RuntimeGrid:None EditorOnly:0 RuntimeOnly:0 HLODRelevant:0 FolderPath:SimulatedCubes FolderGuid:9AEEADCB4DC6C647D6E7C0B4EDA1744F
 |   |   |- [+] [ 50]
 |   |   |   |- Guid:30D62DCB4A052D132F57EFA83A8FF8E8 BaseClass:/Game/Spikes/Spikes.Spikes_C NativeClass:/Script/Engine.Actor Name:Spikes_C_UAID_6C24085E88DBE48501_1977142735 Label:Spikes2 SpatiallyLoaded:1 Bounds:IsValid=true, Min=(X=2012.000 Y=1622.000 Z=0.000), Max=(X=2268.000 Y=1878.000 Z=100.000) RuntimeGrid:None EditorOnly:0 RuntimeOnly:0 HLODRelevant:0
 |   |   |- [+] [ 51]
 |   |   |   |- Guid:2C91933B4D94C62FFEE47CBF25FDEEEB BaseClass:/Game/Spikes/Spikes.Spikes_C NativeClass:/Script/Engine.Actor Name:Spikes_C_UAID_6C24085E88DBE48501_1988785737 Label:Spikes4 SpatiallyLoaded:1 Bounds:IsValid=true, Min=(X=2012.000 Y=2192.000 Z=0.000), Max=(X=2268.000 Y=2448.000 Z=100.000) RuntimeGrid:None EditorOnly:0 RuntimeOnly:0 HLODRelevant:0
 |   |   |- [+] [ 52]
 |   |   |   |- Guid:A4640FC949D180464AAD1FA87A9E4C91 BaseClass:/Game/Spikes/Spikes.Spikes_C NativeClass:/Script/Engine.Actor Name:Spikes_C_UAID_6C24085E88DB048601_1286333377 Label:Spikes12 SpatiallyLoaded:1 Bounds:IsValid=true, Min=(X=1482.000 Y=1582.000 Z=-180.000), Max=(X=1738.000 Y=1838.000 Z=-80.000) RuntimeGrid:None EditorOnly:0 RuntimeOnly:0 HLODRelevant:0
 |   |   |- [+] [ 53]
 |   |   |   |- Guid:A35940CC424BC90314CAD0BE2BCAC2E0 BaseClass:/Game/Collectables/Gem.Gem_C NativeClass:/Script/Engine.Actor Name:Gem_C_UAID_6C24085E88DB008601_1713848665 Label:Gem6 SpatiallyLoaded:1 Bounds:IsValid=true, Min=(X=2502.500 Y=2922.500 Z=-2.000), Max=(X=2577.500 Y=2997.500 Z=142.678) RuntimeGrid:None EditorOnly:0 RuntimeOnly:0 HLODRelevant:0
 |   |   |- [+] [ 54]
 |   |   |   |- Guid:0EDB289B45CB7E0977A6DBA74201EE76 BaseClass: NativeClass:/Script/Engine.StaticMeshActor Name:StaticMeshActor_10 Label:SM_Cube6 SpatiallyLoaded:1 Bounds:IsValid=true, Min=(X=2900.000 Y=100.000 Z=0.000), Max=(X=3000.000 Y=3400.000 Z=400.000) RuntimeGrid:None EditorOnly:0 RuntimeOnly:0 HLODRelevant:1 FolderPath:Playground FolderGuid:6C02BB504B69D1F3D7A624B130C18E5B
 |   |   |- [+] [ 55]
 |   |   |   |- Guid:96AEEA734FE9E5D2FD79ABBD89D2E56D BaseClass: NativeClass:/Script/Engine.StaticMeshActor Name:StaticMeshActor_UAID_6C24085E88DBB48501_1537567289 Label:SM_Cube8 SpatiallyLoaded:1 Bounds:IsValid=true, Min=(X=0.000 Y=2500.000 Z=-50.000), Max=(X=3000.000 Y=6000.000 Z=0.000) RuntimeGrid:None EditorOnly:0 RuntimeOnly:0 HLODRelevant:1 FolderPath:Playground FolderGuid:6C02BB504B69D1F3D7A624B130C18E5B
 |   |   |- [+] [ 56]
 |   |   |   |- Guid:4CF077EB4950DEA268B8B58A0A52CB41 BaseClass:/Game/Collectables/Gem.Gem_C NativeClass:/Script/Engine.Actor Name:Gem_C_UAID_6C24085E88DBE88501_1704842445 Label:Gem3 SpatiallyLoaded:1 Bounds:IsValid=true, Min=(X=1122.500 Y=332.500 Z=-2.000), Max=(X=1197.500 Y=407.500 Z=142.678) RuntimeGrid:None EditorOnly:0 RuntimeOnly:0 HLODRelevant:0
 |   |   |- [+] [ 57]
 |   |   |   |- Guid:D935740A490176EB4702AF96F92450E8 BaseClass: NativeClass:/Script/Engine.StaticMeshActor Name:StaticMeshActor_38 Label:SM_ChamferCube18 SpatiallyLoaded:1 Bounds:IsValid=true, Min=(X=343.798 Y=1188.520 Z=100.013), Max=(X=471.969 Y=1316.691 Z=200.013) RuntimeGrid:None EditorOnly:0 RuntimeOnly:0 HLODRelevant:0 FolderPath:SimulatedCubes FolderGuid:9AEEADCB4DC6C647D6E7C0B4EDA1744F
 |   |   |- [+] [ 58]
 |   |   |   |- Guid:518FBE6D4CB50A6BAAD48D98AFF6A229 BaseClass:/Game/Collectables/Gem.Gem_C NativeClass:/Script/Engine.Actor Name:Gem_C_UAID_6C24085E88DB008601_1709432663 Label:Gem4 SpatiallyLoaded:1 Bounds:IsValid=true, Min=(X=1602.500 Y=2842.500 Z=-2.000), Max=(X=1677.500 Y=2917.500 Z=142.678) RuntimeGrid:None EditorOnly:0 RuntimeOnly:0 HLODRelevant:0
 |   |   |- [+] [ 59]
 |   |   |   |- Guid:09904E324AD4977CC29D88977B3AE667 BaseClass:/Game/Spikes/Spikes.Spikes_C NativeClass:/Script/Engine.Actor Name:Spikes_C_UAID_6C24085E88DB048601_1230151369 Label:Spikes6 SpatiallyLoaded:1 Bounds:IsValid=true, Min=(X=1482.000 Y=1002.000 Z=-180.000), Max=(X=1738.000 Y=1258.000 Z=-80.000) RuntimeGrid:None EditorOnly:0 RuntimeOnly:0 HLODRelevant:0
 |   |   |- [+] [ 60]
 |   |   |   |- Guid:48885BF04EA682A0FB629EA5B0B94EB1 BaseClass: NativeClass:/Script/Engine.StaticMeshActor Name:StaticMeshActor_UAID_6C24085E88DB048601_1269146371 Label:SM_Cube10 SpatiallyLoaded:1 Bounds:IsValid=true, Min=(X=320.000 Y=210.000 Z=-230.000), Max=(X=3320.000 Y=3710.000 Z=-180.000) RuntimeGrid:None EditorOnly:0 RuntimeOnly:0 HLODRelevant:1 FolderPath:Playground FolderGuid:6C02BB504B69D1F3D7A624B130C18E5B
 |   |   |- [+] [ 61]
 |   |   |   |- Guid:33426EDD4B48C8C6B43855A3DC48908B BaseClass:/Game/Spikes/Spikes.Spikes_C NativeClass:/Script/Engine.Actor Name:Spikes_C_UAID_6C24085E88DB048601_1302492388 Label:Spikes22 SpatiallyLoaded:1 Bounds:IsValid=true, Min=(X=1772.000 Y=2462.000 Z=-180.000), Max=(X=2028.000 Y=2718.000 Z=-80.000) RuntimeGrid:None EditorOnly:0 RuntimeOnly:0 HLODRelevant:0
 |   |   |- [+] [ 62]
 |   |   |   |- Guid:A6C30A9C487A5618C6444DAC37090274 BaseClass:/Game/Collectables/Gem.Gem_C NativeClass:/Script/Engine.Actor Name:Gem_C_UAID_6C24085E88DBE88501_1703617444 Label:Gem2 SpatiallyLoaded:1 Bounds:IsValid=true, Min=(X=1522.500 Y=302.500 Z=-2.000), Max=(X=1597.500 Y=377.500 Z=142.678) RuntimeGrid:None EditorOnly:0 RuntimeOnly:0 HLODRelevant:0
 |   |   |- [+] [ 63]
 |   |   |   |- Guid:28349F2A442C3B7D9405FFB53026519D BaseClass:/Game/Spikes/Spikes.Spikes_C NativeClass:/Script/Engine.Actor Name:Spikes_C_UAID_6C24085E88DB048601_1302479380 Label:Spikes15 SpatiallyLoaded:1 Bounds:IsValid=true, Min=(X=1482.000 Y=1882.000 Z=-180.000), Max=(X=1738.000 Y=2138.000 Z=-80.000) RuntimeGrid:None EditorOnly:0 RuntimeOnly:0 HLODRelevant:0
 |   |   |- [+] [ 64]
 |   |   |   |- Guid:503301344EDD2580C9B8269BA1FF0C83 BaseClass: NativeClass:/Script/Engine.StaticMeshActor Name:StaticMeshActor_29 Label:SM_ChamferCube4 SpatiallyLoaded:1 Bounds:IsValid=true, Min=(X=334.338 Y=334.338 Z=0.063), Max=(X=545.662 Y=545.662 Z=150.063) RuntimeGrid:None EditorOnly:0 RuntimeOnly:0 HLODRelevant:0 FolderPath:SimulatedCubes FolderGuid:9AEEADCB4DC6C647D6E7C0B4EDA1744F
 |   |   |- [+] [ 65]
 |   |   |   |- Guid:C22CE07C4B87D685137FDBBC10FC92C6 BaseClass: NativeClass:/Script/Engine.SkyAtmosphere Name:SkyAtmosphere_0 Label:SkyAtmosphere SpatiallyLoaded:0 Bounds:IsValid=true, Min=(X=0.000 Y=0.000 Z=1020.000), Max=(X=0.000 Y=0.000 Z=1020.000) RuntimeGrid:None EditorOnly:0 RuntimeOnly:0 HLODRelevant:0 FolderPath:Lighting FolderGuid:0BA5F0A04EADB18E70D5B180D08FA34B
 |   |   |- [+] [ 66]
 |   |   |   |- Guid:C0C56B9644AE3D40CAFF6A878DB29844 BaseClass: NativeClass:/Script/Engine.StaticMeshActor Name:StaticMeshActor_UAID_A4AE111137DC5EFB00_2001720423 Label:SM_SkySphere SpatiallyLoaded:0 Bounds:IsValid=true, Min=(X=-1638400.000 Y=-1638400.000 Z=-1638400.000), Max=(X=1638400.000 Y=1638400.000 Z=1638400.000) RuntimeGrid:None EditorOnly:0 RuntimeOnly:0 HLODRelevant:1 FolderPath:Lighting FolderGuid:0BA5F0A04EADB18E70D5B180D08FA34B
 |   |   |- [+] [ 67]
 |   |   |   |- Guid:6FEFB3BD4EB37B849EF0D4AC80F83855 BaseClass: NativeClass:/Script/Engine.WorldDataLayers Name:WorldDataLayers Label:WorldDataLayers SpatiallyLoaded:0 Bounds:IsValid=true, Min=(X=0.000 Y=0.000 Z=0.000), Max=(X=0.000 Y=0.000 Z=0.000) RuntimeGrid:None EditorOnly:0 RuntimeOnly:0 HLODRelevant:0
 |   |   |- [+] [ 68]
 |   |   |   |- Guid:1E62BB104B9A134934C593A52864CAE0 BaseClass: NativeClass:/Script/Engine.StaticMeshActor Name:StaticMeshActor_UAID_6C24085E88DB048601_1199861367 Label:SM_Cube9 SpatiallyLoaded:1 Bounds:IsValid=true, Min=(X=320.000 Y=-80.000 Z=-230.000), Max=(X=3320.000 Y=3420.000 Z=-180.000) RuntimeGrid:None EditorOnly:0 RuntimeOnly:0 HLODRelevant:1 FolderPath:Playground FolderGuid:6C02BB504B69D1F3D7A624B130C18E5B
 |   |   |- [+] [ 69]
 |   |   |   |- Guid:F4ADA2544CF7E64E0770D6A73B469796 BaseClass:/Game/Spikes/Spikes.Spikes_C NativeClass:/Script/Engine.Actor Name:Spikes_C_UAID_6C24085E88DB048601_1302477379 Label:Spikes14 SpatiallyLoaded:1 Bounds:IsValid=true, Min=(X=1192.000 Y=1882.000 Z=-180.000), Max=(X=1448.000 Y=2138.000 Z=-80.000) RuntimeGrid:None EditorOnly:0 RuntimeOnly:0 HLODRelevant:0
 |   |   |- [+] [ 70]
 |   |   |   |- Guid:CE8D82634660FCDB3120E2B8D547C533 BaseClass: NativeClass:/Script/Engine.PostProcessVolume Name:PostProcessVolume_0 Label:PostProcessVolume SpatiallyLoaded:0 Bounds:IsValid=true, Min=(X=0.000 Y=0.000 Z=400.000), Max=(X=200.000 Y=200.000 Z=600.000) RuntimeGrid:None EditorOnly:0 RuntimeOnly:0 HLODRelevant:0 FolderPath:Lighting FolderGuid:0BA5F0A04EADB18E70D5B180D08FA34B
 |   |   |- [+] [ 71]
 |   |   |   |- Guid:37B6C0724BF11F67F84996AA9A2A085E BaseClass:/Game/Collectables/Gem.Gem_C NativeClass:/Script/Engine.Actor Name:Gem_C_UAID_6C24085E88DBE78501_1963081267 Label:Gem SpatiallyLoaded:1 Bounds:IsValid=true, Min=(X=1332.500 Y=632.500 Z=-2.000), Max=(X=1407.500 Y=707.500 Z=142.678) RuntimeGrid:None EditorOnly:0 RuntimeOnly:0 HLODRelevant:0
 |   |   |- [+] [ 72]
 |   |   |   |- Guid:8559D1384B14F466E8927697A36C1D78 BaseClass: NativeClass:/Script/Engine.StaticMeshActor Name:StaticMeshActor_9 Label:SM_Cube5 SpatiallyLoaded:1 Bounds:IsValid=true, Min=(X=-0.000 Y=100.000 Z=0.000), Max=(X=100.000 Y=3400.000 Z=400.000) RuntimeGrid:None EditorOnly:0 RuntimeOnly:0 HLODRelevant:1 FolderPath:Playground FolderGuid:6C02BB504B69D1F3D7A624B130C18E5B
 |   |   |- [+] [ 73]
 |   |   |   |- Guid:E61593E24C9FB62BC8BE5A869AD628CB BaseClass: NativeClass:/Script/Engine.StaticMeshActor Name:StaticMeshActor_UAID_6C24085E88DBB48501_1458255287 Label:SM_Cube4 SpatiallyLoaded:1 Bounds:IsValid=true, Min=(X=2000.000 Y=0.000 Z=-50.000), Max=(X=5000.000 Y=3500.000 Z=0.000) RuntimeGrid:None EditorOnly:0 RuntimeOnly:0 HLODRelevant:1 FolderPath:Playground FolderGuid:6C02BB504B69D1F3D7A624B130C18E5B
 |   |   |- [+] [ 74]
 |   |   |   |- Guid:19DA2D1A42AC09E188B598BC75C397A2 BaseClass:/Game/Spikes/Spikes.Spikes_C NativeClass:/Script/Engine.Actor Name:Spikes_C_UAID_6C24085E88DBBA8501_1769200349 Label:Spikes SpatiallyLoaded:1 Bounds:IsValid=true, Min=(X=912.000 Y=1612.000 Z=0.000), Max=(X=1168.000 Y=1868.000 Z=100.000) RuntimeGrid:None EditorOnly:0 RuntimeOnly:0 HLODRelevant:0
 |   |   |- [+] [ 75]
 |   |   |   |- Guid:4DF235384BCC9DF986445988BEFC33E9 BaseClass:/Game/Platform/PressurePlate.PressurePlate_C NativeClass:/Script/Engine.Actor Name:PressurePlate_C_UAID_6C24085E88DBB68501_1308305643 Label:PressurePlate SpatiallyLoaded:1 Bounds:IsValid=true, Min=(X=1750.000 Y=740.000 Z=-2.500), Max=(X=1950.000 Y=940.000 Z=62.000) RuntimeGrid:None EditorOnly:0 RuntimeOnly:0 HLODRelevant:0
 |   |   |   |- Guid:60289316474D436181DBA9857FB35EDF BaseClass:/Game/Platform/MovingPlatform.MovingPlatform_C NativeClass:/Script/Engine.Actor Name:MovingPlatform_C_UAID_6C24085E88DBB58501_1392643466 Label:MovingPlatform SpatiallyLoaded:1 Bounds:IsValid=true, Min=(X=1530.000 Y=1140.000 Z=-10.000), Max=(X=1750.000 Y=2430.000 Z=240.000) RuntimeGrid:None EditorOnly:0 RuntimeOnly:0 HLODRelevant:0
 |- ContainerInstances:
 |- [+] MainContainer:
 |   |-        ID: 0x0000000000000000
 |   |-    Bounds: IsValid=false, Min=(X=0.000 Y=0.000 Z=0.000), Max=(X=0.000 Y=0.000 Z=0.000)
 |   |- Transform: 0.000000,0.000000,0.000000|0.000000,0.000000,-0.000000|1.000000,1.000000,1.000000
 |   |- Container: /Game/FirstPerson/Maps/FirstPersonMap
----------------------------------------------------------------------------------------------------------------
FirstPersonMap - Persistent Level
----------------------------------------------------------------------------------------------------------------
Always loaded Actor Count: 85 

----------------------------------------------------------------------------------------------------------------
FirstPersonMap - Runtime Spatial Hash - Streaming Grid - MainGrid
----------------------------------------------------------------------------------------------------------------
            Origin: X=0.000 Y=0.000 Z=0.000
         Cell Size: 12800
      World Bounds: IsValid=false, Min=(X=0.000 Y=0.000 Z=0.000), Max=(X=0.000 Y=0.000 Z=0.000)
     Loading Range: 25600.00
Block Slow Loading: No
 ClientOnlyVisible: No

[+] Grid Levels: 1
 |- Level  0: Cell Count    0 | Cell Size   12800 | Actor Count    0 (0.0%)

[+] Content of Grid Level 0

